<?xml version="1.0" encoding="UTF-8"?>
<!-- Generated by org.testng.reporters.JUnitXMLReporter -->
<testsuite ignored="0" hostname="LAPTOP-FAP6QC75" failures="1" tests="7" name="ValidateItemsFromShoppimgCartTest" time="210.577" errors="0" timestamp="27 Oct 2020 15:55:57 GMT">
  <testcase classname="com.automationpractice.signuptests.ValidateItemsFromShoppingCartTest" name="validateItemsFromShoppingCartTest" time="27.974"/>
  <testcase classname="com.automationpractice.signuptests.ValidateItemsFromShoppingCartTest" name="validateItemsFromShoppingCartTest" time="18.877"/>
  <testcase classname="com.automationpractice.signuptests.ValidateItemsFromShoppingCartTest" name="validateItemsFromShoppingCartTest" time="22.282"/>
  <testcase classname="com.automationpractice.signuptests.ValidateItemsFromShoppingCartTest" name="validateItemsFromShoppingCartTest" time="19.418"/>
  <testcase classname="com.automationpractice.signuptests.ValidateItemsFromShoppingCartTest" name="validateItemsFromShoppingCartTest" time="20.739"/>
  <testcase classname="com.automationpractice.signuptests.ValidateItemsFromShoppingCartTest" name="validateItemsFromShoppingCartTest" time="23.003"/>
  <testcase classname="com.automationpractice.signuptests.ValidateItemsFromShoppingCartTest" name="validateItemsFromShoppingCartTest" time="9.045">
    <failure type="org.openqa.selenium.ElementClickInterceptedException" message="element click intercepted: Element &amp;lt;a class=&amp;quot;home&amp;quot; href=&amp;quot;http://automationpractice.com/&amp;quot; title=&amp;quot;Return to Home&amp;quot;&amp;gt;...&amp;lt;/a&amp;gt; is not clickable at point (110, 344). Other element would receive the click: &amp;lt;ul class=&amp;quot;submenu-container clearfix first-in-line-xs&amp;quot; style=&amp;quot;display: block;&amp;quot;&amp;gt;...&amp;lt;/ul&amp;gt;
  (Session info: chrome=86.0.4240.75)
Build info: version: &amp;apos;3.141.59&amp;apos;, revision: &amp;apos;e82be7d358&amp;apos;, time: &amp;apos;2018-11-14T08:17:03&amp;apos;
System info: host: &amp;apos;LAPTOP-FAP6QC75&amp;apos;, ip: &amp;apos;192.168.99.1&amp;apos;, os.name: &amp;apos;Windows 10&amp;apos;, os.arch: &amp;apos;amd64&amp;apos;, os.version: &amp;apos;10.0&amp;apos;, java.version: &amp;apos;11.0.7&amp;apos;
Driver info: org.openqa.selenium.chrome.ChromeDriver
Capabilities {acceptInsecureCerts: false, browserName: chrome, browserVersion: 86.0.4240.75, chrome: {chromedriverVersion: 85.0.4183.87 (cd6713ebf92fa..., userDataDir: C:\Users\19163\AppData\Loca...}, goog:chromeOptions: {debuggerAddress: localhost:55321}, javascriptEnabled: true, networkConnectionEnabled: false, pageLoadStrategy: normal, platform: WINDOWS, platformName: WINDOWS, proxy: Proxy(), setWindowRect: true, strictFileInteractability: false, timeouts: {implicit: 0, pageLoad: 300000, script: 30000}, unhandledPromptBehavior: dismiss and notify, webauthn:virtualAuthenticators: true}
Session ID: ce9c0edbf8e6699057c708a2471282f1">
      <![CDATA[org.openqa.selenium.ElementClickInterceptedException: element click intercepted: Element <a class="home" href="http://automationpractice.com/" title="Return to Home">...</a> is not clickable at point (110, 344). Other element would receive the click: <ul class="submenu-container clearfix first-in-line-xs" style="display: block;">...</ul>
  (Session info: chrome=86.0.4240.75)
Build info: version: '3.141.59', revision: 'e82be7d358', time: '2018-11-14T08:17:03'
System info: host: 'LAPTOP-FAP6QC75', ip: '192.168.99.1', os.name: 'Windows 10', os.arch: 'amd64', os.version: '10.0', java.version: '11.0.7'
Driver info: org.openqa.selenium.chrome.ChromeDriver
Capabilities {acceptInsecureCerts: false, browserName: chrome, browserVersion: 86.0.4240.75, chrome: {chromedriverVersion: 85.0.4183.87 (cd6713ebf92fa..., userDataDir: C:\Users\19163\AppData\Loca...}, goog:chromeOptions: {debuggerAddress: localhost:55321}, javascriptEnabled: true, networkConnectionEnabled: false, pageLoadStrategy: normal, platform: WINDOWS, platformName: WINDOWS, proxy: Proxy(), setWindowRect: true, strictFileInteractability: false, timeouts: {implicit: 0, pageLoad: 300000, script: 30000}, unhandledPromptBehavior: dismiss and notify, webauthn:virtualAuthenticators: true}
Session ID: ce9c0edbf8e6699057c708a2471282f1
at org.openqa.selenium.remote.http.W3CHttpResponseCodec.createException(W3CHttpResponseCodec.java:187)
at org.openqa.selenium.remote.http.W3CHttpResponseCodec.decode(W3CHttpResponseCodec.java:122)
at org.openqa.selenium.remote.http.W3CHttpResponseCodec.decode(W3CHttpResponseCodec.java:49)
at org.openqa.selenium.remote.HttpCommandExecutor.execute(HttpCommandExecutor.java:158)
at org.openqa.selenium.remote.service.DriverCommandExecutor.execute(DriverCommandExecutor.java:83)
at org.openqa.selenium.remote.RemoteWebDriver.execute(RemoteWebDriver.java:552)
at org.openqa.selenium.remote.RemoteWebElement.execute(RemoteWebElement.java:285)
at org.openqa.selenium.remote.RemoteWebElement.click(RemoteWebElement.java:84)
at com.automationpractice.pages.BasePageObject.click(BasePageObject.java:58)
at com.automationpractice.pages.MyAccountMainPage.navigateToHomePage(MyAccountMainPage.java:55)
at com.automationpractice.signuptests.ValidateItemsFromShoppingCartTest.validateItemsFromShoppingCartTest(ValidateItemsFromShoppingCartTest.java:34)
... Removed 29 stack frames]]>
    </failure>
  </testcase> <!-- validateItemsFromShoppingCartTest -->
</testsuite> <!-- ValidateItemsFromShoppimgCartTest -->
