<?xml version="1.0" encoding="UTF-8"?>
<!-- Generated by org.testng.reporters.JUnitXMLReporter -->
<testsuite ignored="0" hostname="LAPTOP-FAP6QC75" failures="1" tests="1" name="AddItemToCartTest" time="28.367" errors="0" timestamp="07 Jul 2020 21:56:52 GMT">
  <testcase classname="com.automationpractice.signuptests.AddItemsToShoppingCartTest" name="addItemsToShoppingCartTest" time="22.033">
    <failure type="java.lang.AssertionError" message="Expected printed summer dress but got L expected [l] but found [L]">
      <![CDATA[java.lang.AssertionError: Expected printed summer dress but got L expected [l] but found [L]
at com.automationpractice.signuptests.AddItemsToShoppingCartTest.addItemsToShoppingCartTest(AddItemsToShoppingCartTest.java:59)
... Removed 30 stack frames]]>
    </failure>
  </testcase> <!-- addItemsToShoppingCartTest -->
</testsuite> <!-- AddItemToCartTest -->
