<?xml version="1.0" encoding="UTF-8"?>
<!-- Generated by org.testng.reporters.JUnitReportReporter -->
<testsuite hostname="LAPTOP-FAP6QC75" failures="0" tests="7" name="com.automationpractice.signuptests.ValidateItemsFromShoppingCartTest" time="209.580" errors="1" timestamp="27 Oct 2020 15:55:57 GMT" skipped="0">
  <testcase classname="com.automationpractice.signuptests.ValidateItemsFromShoppingCartTest" name="validateItemsFromShoppingCartTest" time="43.935"/>
  <testcase classname="com.automationpractice.signuptests.ValidateItemsFromShoppingCartTest" name="validateItemsFromShoppingCartTest" time="21.170">
    <error message="element click intercepted: Element &lt;a class=&quot;home&quot; href=&quot;http://automationpractice.com/&quot; title=&quot;Return to Home&quot;&gt;...&lt;/a&gt; is not clickable at point (110, 344). Other element would receive the click: &lt;ul class=&quot;submenu-container clearfix first-in-line-xs&quot; style=&quot;display: block;&quot;&gt;...&lt;/ul&gt;
  (Session info: chrome=86.0.4240.75)
Build info: version: &#039;3.141.59&#039;, revision: &#039;e82be7d358&#039;, time: &#039;2018-11-14T08:17:03&#039;
System info: host: &#039;LAPTOP-FAP6QC75&#039;, ip: &#039;192.168.99.1&#039;, os.name: &#039;Windows 10&#039;, os.arch: &#039;amd64&#039;, os.version: &#039;10.0&#039;, java.version: &#039;11.0.7&#039;
Driver info: org.openqa.selenium.chrome.ChromeDriver
Capabilities {acceptInsecureCerts: false, browserName: chrome, browserVersion: 86.0.4240.75, chrome: {chromedriverVersion: 85.0.4183.87 (cd6713ebf92fa..., userDataDir: C:\Users\19163\AppData\Loca...}, goog:chromeOptions: {debuggerAddress: localhost:55321}, javascriptEnabled: true, networkConnectionEnabled: false, pageLoadStrategy: normal, platform: WINDOWS, platformName: WINDOWS, proxy: Proxy(), setWindowRect: true, strictFileInteractability: false, timeouts: {implicit: 0, pageLoad: 300000, script: 30000}, unhandledPromptBehavior: dismiss and notify, webauthn:virtualAuthenticators: true}
Session ID: ce9c0edbf8e6699057c708a2471282f1" type="org.openqa.selenium.ElementClickInterceptedException">
      <![CDATA[org.openqa.selenium.ElementClickInterceptedException: element click intercepted: Element <a class="home" href="http://automationpractice.com/" title="Return to Home">...</a> is not clickable at point (110, 344). Other element would receive the click: <ul class="submenu-container clearfix first-in-line-xs" style="display: block;">...</ul>
  (Session info: chrome=86.0.4240.75)
Build info: version: '3.141.59', revision: 'e82be7d358', time: '2018-11-14T08:17:03'
System info: host: 'LAPTOP-FAP6QC75', ip: '192.168.99.1', os.name: 'Windows 10', os.arch: 'amd64', os.version: '10.0', java.version: '11.0.7'
Driver info: org.openqa.selenium.chrome.ChromeDriver
Capabilities {acceptInsecureCerts: false, browserName: chrome, browserVersion: 86.0.4240.75, chrome: {chromedriverVersion: 85.0.4183.87 (cd6713ebf92fa..., userDataDir: C:\Users\19163\AppData\Loca...}, goog:chromeOptions: {debuggerAddress: localhost:55321}, javascriptEnabled: true, networkConnectionEnabled: false, pageLoadStrategy: normal, platform: WINDOWS, platformName: WINDOWS, proxy: Proxy(), setWindowRect: true, strictFileInteractability: false, timeouts: {implicit: 0, pageLoad: 300000, script: 30000}, unhandledPromptBehavior: dismiss and notify, webauthn:virtualAuthenticators: true}
Session ID: ce9c0edbf8e6699057c708a2471282f1
at java.base/jdk.internal.reflect.NativeConstructorAccessorImpl.newInstance0(Native Method)
at java.base/jdk.internal.reflect.NativeConstructorAccessorImpl.newInstance(NativeConstructorAccessorImpl.java:62)
at java.base/jdk.internal.reflect.DelegatingConstructorAccessorImpl.newInstance(DelegatingConstructorAccessorImpl.java:45)
at java.base/java.lang.reflect.Constructor.newInstance(Constructor.java:490)
at org.openqa.selenium.remote.http.W3CHttpResponseCodec.createException(W3CHttpResponseCodec.java:187)
at org.openqa.selenium.remote.http.W3CHttpResponseCodec.decode(W3CHttpResponseCodec.java:122)
at org.openqa.selenium.remote.http.W3CHttpResponseCodec.decode(W3CHttpResponseCodec.java:49)
at org.openqa.selenium.remote.HttpCommandExecutor.execute(HttpCommandExecutor.java:158)
at org.openqa.selenium.remote.service.DriverCommandExecutor.execute(DriverCommandExecutor.java:83)
at org.openqa.selenium.remote.RemoteWebDriver.execute(RemoteWebDriver.java:552)
at org.openqa.selenium.remote.RemoteWebElement.execute(RemoteWebElement.java:285)
at org.openqa.selenium.remote.RemoteWebElement.click(RemoteWebElement.java:84)
at com.automationpractice.pages.BasePageObject.click(BasePageObject.java:58)
at com.automationpractice.pages.MyAccountMainPage.navigateToHomePage(MyAccountMainPage.java:55)
at com.automationpractice.signuptests.ValidateItemsFromShoppingCartTest.validateItemsFromShoppingCartTest(ValidateItemsFromShoppingCartTest.java:34)
at java.base/jdk.internal.reflect.NativeMethodAccessorImpl.invoke0(Native Method)
at java.base/jdk.internal.reflect.NativeMethodAccessorImpl.invoke(NativeMethodAccessorImpl.java:62)
at java.base/jdk.internal.reflect.DelegatingMethodAccessorImpl.invoke(DelegatingMethodAccessorImpl.java:43)
at java.base/java.lang.reflect.Method.invoke(Method.java:566)
at org.testng.internal.MethodInvocationHelper.invokeMethod(MethodInvocationHelper.java:124)
at org.testng.internal.Invoker.invokeMethod(Invoker.java:583)
at org.testng.internal.Invoker.invokeTestMethod(Invoker.java:719)
at org.testng.internal.Invoker.invokeTestMethods(Invoker.java:989)
at org.testng.internal.TestMethodWorker.invokeTestMethods(TestMethodWorker.java:125)
at org.testng.internal.TestMethodWorker.run(TestMethodWorker.java:109)
at org.testng.TestRunner.privateRun(TestRunner.java:648)
at org.testng.TestRunner.run(TestRunner.java:505)
at org.testng.SuiteRunner.runTest(SuiteRunner.java:455)
at org.testng.SuiteRunner.runSequentially(SuiteRunner.java:450)
at org.testng.SuiteRunner.privateRun(SuiteRunner.java:415)
at org.testng.SuiteRunner.run(SuiteRunner.java:364)
at org.testng.SuiteRunnerWorker.runSuite(SuiteRunnerWorker.java:52)
at org.testng.SuiteRunnerWorker.run(SuiteRunnerWorker.java:84)
at org.testng.TestNG.runSuitesSequentially(TestNG.java:1208)
at org.testng.TestNG.runSuitesLocally(TestNG.java:1137)
at org.testng.TestNG.runSuites(TestNG.java:1049)
at org.testng.TestNG.run(TestNG.java:1017)
at org.testng.remote.AbstractRemoteTestNG.run(AbstractRemoteTestNG.java:115)
at org.testng.remote.RemoteTestNG.initAndRun(RemoteTestNG.java:251)
at org.testng.remote.RemoteTestNG.main(RemoteTestNG.java:77)
]]>
    </error>
  </testcase> <!-- validateItemsFromShoppingCartTest -->
  <testcase classname="com.automationpractice.signuptests.ValidateItemsFromShoppingCartTest" name="validateItemsFromShoppingCartTest" time="25.941"/>
  <testcase classname="com.automationpractice.signuptests.ValidateItemsFromShoppingCartTest" name="validateItemsFromShoppingCartTest" time="27.272"/>
  <testcase classname="com.automationpractice.signuptests.ValidateItemsFromShoppingCartTest" name="validateItemsFromShoppingCartTest" time="26.965"/>
  <testcase classname="com.automationpractice.signuptests.ValidateItemsFromShoppingCartTest" name="validateItemsFromShoppingCartTest" time="29.239"/>
  <testcase classname="com.automationpractice.signuptests.ValidateItemsFromShoppingCartTest" name="validateItemsFromShoppingCartTest" time="35.058"/>
</testsuite> <!-- com.automationpractice.signuptests.ValidateItemsFromShoppingCartTest -->
